g:\projects\csgo\windows\hantahook\debug\hantahook.dll
g:\projects\csgo\windows\hantahook\debug\hantahook.ilk
g:\projects\csgo\windows\hantahook\debug\hantahook.pdb
g:\projects\csgo\windows\hantahook\hantahook\debug\vc142.pdb
g:\projects\csgo\windows\hantahook\hantahook\debug\vc142.idb
g:\projects\csgo\windows\hantahook\hantahook\debug\kiero.obj
g:\projects\csgo\windows\hantahook\hantahook\debug\imgui_widgets.obj
g:\projects\csgo\windows\hantahook\hantahook\debug\imgui_impl_win32.obj
g:\projects\csgo\windows\hantahook\hantahook\debug\imgui_impl_dx9.obj
g:\projects\csgo\windows\hantahook\hantahook\debug\imgui_draw.obj
g:\projects\csgo\windows\hantahook\hantahook\debug\imgui_demo.obj
g:\projects\csgo\windows\hantahook\hantahook\debug\imgui.obj
g:\projects\csgo\windows\hantahook\hantahook\debug\dllmain.obj
g:\projects\csgo\windows\hantahook\hantahook\debug\trampoline.obj
g:\projects\csgo\windows\hantahook\hantahook\debug\hook.obj
g:\projects\csgo\windows\hantahook\hantahook\debug\hde64.obj
g:\projects\csgo\windows\hantahook\hantahook\debug\hde32.obj
g:\projects\csgo\windows\hantahook\hantahook\debug\buffer.obj
g:\projects\csgo\windows\hantahook\hantahook\debug\d3d9hook.obj
g:\projects\csgo\windows\hantahook\hantahook\debug\handtahook.obj
g:\projects\csgo\windows\hantahook\hantahook\debug\gui.obj
g:\projects\csgo\windows\hantahook\hantahook\debug\pattern_finder.obj
g:\projects\csgo\windows\hantahook\hantahook\debug\pch.obj
g:\projects\csgo\windows\hantahook\hantahook\debug\minhook.res
g:\projects\csgo\windows\hantahook\hantahook\debug\hantahook.pch
g:\projects\csgo\windows\hantahook\hantahook\debug\hantahook.tlog\cl.command.1.tlog
g:\projects\csgo\windows\hantahook\hantahook\debug\hantahook.tlog\link.read.1.tlog
g:\projects\csgo\windows\hantahook\hantahook\debug\hantahook.tlog\link.command.1.tlog
g:\projects\csgo\windows\hantahook\hantahook\debug\hantahook.tlog\rc.command.1.tlog
g:\projects\csgo\windows\hantahook\hantahook\debug\hantahook.tlog\link.write.1.tlog
g:\projects\csgo\windows\hantahook\hantahook\debug\hantahook.tlog\rc.read.1.tlog
g:\projects\csgo\windows\hantahook\hantahook\debug\hantahook.tlog\cl.read.1.tlog
g:\projects\csgo\windows\hantahook\hantahook\debug\hantahook.tlog\rc.write.1.tlog
g:\projects\csgo\windows\hantahook\hantahook\debug\hantahook.tlog\cl.write.1.tlog
